{
  "RSpec": {
    "coverage": {
      "/rails/blessing_documents/workspace/checkpts/fly/eagles_flight/app/helpers/application_helper.rb": [
        1,
        null
      ],
      "/rails/blessing_documents/workspace/checkpts/fly/eagles_flight/app/helpers/bookings_helper.rb": [
        1,
        null
      ],
      "/rails/blessing_documents/workspace/checkpts/fly/eagles_flight/app/helpers/flights_helper.rb": [
        1,
        null
      ],
      "/rails/blessing_documents/workspace/checkpts/fly/eagles_flight/app/helpers/sessions_helper.rb": [
        1,
        1,
        0,
        null,
        null,
        1,
        0,
        0,
        0,
        null,
        null,
        null,
        1,
        0,
        null,
        null,
        1,
        0,
        0,
        null,
        null
      ],
      "/rails/blessing_documents/workspace/checkpts/fly/eagles_flight/app/helpers/static_pages_helper.rb": [
        1,
        null
      ],
      "/rails/blessing_documents/workspace/checkpts/fly/eagles_flight/app/helpers/users_helper.rb": [
        1,
        null
      ],
      "/rails/blessing_documents/workspace/checkpts/fly/eagles_flight/app/controllers/bookings_controller.rb": [
        1,
        null
      ],
      "/rails/blessing_documents/workspace/checkpts/fly/eagles_flight/app/controllers/application_controller.rb": [
        1,
        null,
        null,
        1,
        1,
        null
      ],
      "/rails/blessing_documents/workspace/checkpts/fly/eagles_flight/spec/controllers/flights_controller_spec.rb": [
        1,
        null,
        1,
        null,
        null
      ],
      "/rails/blessing_documents/workspace/checkpts/fly/eagles_flight/app/controllers/flights_controller.rb": [
        1,
        1,
        0,
        null,
        null
      ],
      "/rails/blessing_documents/workspace/checkpts/fly/eagles_flight/spec/controllers/sessions_controller_spec.rb": [
        1,
        null,
        1,
        null,
        null
      ],
      "/rails/blessing_documents/workspace/checkpts/fly/eagles_flight/app/controllers/sessions_controller.rb": [
        1,
        1,
        null,
        1,
        0,
        0,
        0,
        0,
        0,
        null,
        0,
        null,
        null,
        null,
        1,
        0,
        0,
        null,
        null
      ],
      "/rails/blessing_documents/workspace/checkpts/fly/eagles_flight/spec/controllers/static_pages_controller_spec.rb": [
        1,
        null,
        1,
        1,
        1,
        1,
        0,
        null,
        null,
        1,
        1,
        0,
        null,
        null,
        null
      ],
      "/rails/blessing_documents/workspace/checkpts/fly/eagles_flight/app/controllers/static_pages_controller.rb": [
        1,
        1,
        null,
        null
      ],
      "/rails/blessing_documents/workspace/checkpts/fly/eagles_flight/spec/controllers/users_controller_spec.rb": [
        1,
        null,
        1,
        null,
        null
      ],
      "/rails/blessing_documents/workspace/checkpts/fly/eagles_flight/app/controllers/users_controller.rb": [
        1,
        1,
        null,
        null,
        1,
        0,
        null,
        null,
        1,
        0,
        0,
        0,
        0,
        0,
        0,
        0,
        null,
        0,
        null,
        null,
        null,
        1,
        1,
        0,
        null,
        null
      ],
      "/rails/blessing_documents/workspace/checkpts/fly/eagles_flight/spec/decorators/booking_decorator_spec.rb": [
        1,
        null,
        1,
        null
      ],
      "/rails/blessing_documents/workspace/checkpts/fly/eagles_flight/app/decorators/booking_decorator.rb": [
        1,
        1,
        null,
        null,
        null,
        null,
        null,
        null,
        null,
        null,
        null,
        null,
        null
      ],
      "/rails/blessing_documents/workspace/checkpts/fly/eagles_flight/app/models/booking.rb": [
        1,
        1,
        null,
        1,
        1,
        1,
        1,
        null,
        1,
        1,
        0,
        null,
        null
      ],
      "/rails/blessing_documents/workspace/checkpts/fly/eagles_flight/spec/decorators/flight_decorator_spec.rb": [
        1,
        null,
        1,
        null
      ],
      "/rails/blessing_documents/workspace/checkpts/fly/eagles_flight/app/decorators/flight_decorator.rb": [
        1,
        1,
        null,
        null,
        null,
        null,
        null,
        null,
        null,
        null,
        null,
        null,
        null
      ],
      "/rails/blessing_documents/workspace/checkpts/fly/eagles_flight/app/models/flight.rb": [
        1,
        1,
        1,
        null,
        1,
        null,
        1,
        null,
        1,
        0,
        null,
        null,
        1,
        0,
        null,
        0,
        null,
        null,
        0,
        null,
        null,
        null,
        1,
        0,
        null,
        null
      ],
      "/rails/blessing_documents/workspace/checkpts/fly/eagles_flight/spec/decorators/session_decorator_spec.rb": [
        1,
        null,
        1,
        null
      ],
      "/rails/blessing_documents/workspace/checkpts/fly/eagles_flight/app/decorators/session_decorator.rb": [
        1,
        1,
        null,
        null,
        null,
        null,
        null,
        null,
        null,
        null,
        null,
        null,
        null
      ],
      "/rails/blessing_documents/workspace/checkpts/fly/eagles_flight/spec/features/book_flight_spec.rb": [

      ],
      "/rails/blessing_documents/workspace/checkpts/fly/eagles_flight/spec/features/pay_for_flight_spec.rb": [

      ],
      "/rails/blessing_documents/workspace/checkpts/fly/eagles_flight/spec/features/register_spec.rb": [

      ],
      "/rails/blessing_documents/workspace/checkpts/fly/eagles_flight/spec/helpers/bookings_helper_spec.rb": [
        1,
        null,
        null,
        null,
        null,
        null,
        null,
        null,
        null,
        null,
        null,
        null,
        1,
        1,
        null
      ],
      "/rails/blessing_documents/workspace/checkpts/fly/eagles_flight/spec/helpers/flights_helper_spec.rb": [
        1,
        null,
        null,
        null,
        null,
        null,
        null,
        null,
        null,
        null,
        null,
        null,
        1,
        1,
        null
      ],
      "/rails/blessing_documents/workspace/checkpts/fly/eagles_flight/spec/helpers/sessions_helper_spec.rb": [
        1,
        null,
        null,
        null,
        null,
        null,
        null,
        null,
        null,
        null,
        null,
        null,
        1,
        1,
        null
      ],
      "/rails/blessing_documents/workspace/checkpts/fly/eagles_flight/spec/helpers/static_pages_helper_spec.rb": [
        1,
        null,
        null,
        null,
        null,
        null,
        null,
        null,
        null,
        null,
        null,
        null,
        1,
        1,
        null
      ],
      "/rails/blessing_documents/workspace/checkpts/fly/eagles_flight/spec/helpers/users_helper_spec.rb": [
        1,
        null,
        null,
        null,
        null,
        null,
        null,
        null,
        null,
        null,
        null,
        null,
        1,
        1,
        null
      ],
      "/rails/blessing_documents/workspace/checkpts/fly/eagles_flight/spec/mailers/user_mailer_spec.rb": [
        1,
        null,
        1,
        1,
        null
      ],
      "/rails/blessing_documents/workspace/checkpts/fly/eagles_flight/app/mailers/user_mailer.rb": [
        1,
        1,
        0,
        null,
        null
      ],
      "/rails/blessing_documents/workspace/checkpts/fly/eagles_flight/app/mailers/application_mailer.rb": [
        1,
        1,
        1,
        null
      ],
      "/rails/blessing_documents/workspace/checkpts/fly/eagles_flight/spec/models/airline_spec.rb": [
        1,
        null,
        1,
        1,
        null
      ],
      "/rails/blessing_documents/workspace/checkpts/fly/eagles_flight/app/models/airline.rb": [
        1,
        1,
        1,
        1,
        null
      ],
      "/rails/blessing_documents/workspace/checkpts/fly/eagles_flight/spec/models/airport_spec.rb": [
        1,
        null,
        1,
        1,
        null
      ],
      "/rails/blessing_documents/workspace/checkpts/fly/eagles_flight/app/models/airport.rb": [
        1,
        1,
        1,
        1,
        1,
        null,
        1,
        0,
        null,
        null,
        null
      ],
      "/rails/blessing_documents/workspace/checkpts/fly/eagles_flight/spec/models/booking_spec.rb": [
        1,
        null,
        1,
        1,
        null
      ],
      "/rails/blessing_documents/workspace/checkpts/fly/eagles_flight/spec/models/flight_spec.rb": [
        1,
        null,
        1,
        1,
        null
      ],
      "/rails/blessing_documents/workspace/checkpts/fly/eagles_flight/spec/models/passenger_spec.rb": [
        1,
        null,
        1,
        1,
        null
      ],
      "/rails/blessing_documents/workspace/checkpts/fly/eagles_flight/app/models/passenger.rb": [
        1,
        1,
        1,
        1,
        1,
        1,
        null
      ],
      "/rails/blessing_documents/workspace/checkpts/fly/eagles_flight/spec/models/plane_spec.rb": [
        1,
        null,
        1,
        1,
        null
      ],
      "/rails/blessing_documents/workspace/checkpts/fly/eagles_flight/app/models/plane.rb": [
        1,
        1,
        1,
        1,
        null
      ],
      "/rails/blessing_documents/workspace/checkpts/fly/eagles_flight/spec/models/user_spec.rb": [
        1,
        null,
        1,
        1,
        null
      ],
      "/rails/blessing_documents/workspace/checkpts/fly/eagles_flight/app/models/user.rb": [
        1,
        1,
        1,
        1,
        1,
        1,
        1,
        null
      ],
      "/rails/blessing_documents/workspace/checkpts/fly/eagles_flight/spec/routing/routes_spec.rb": [
        1,
        null,
        1,
        1,
        1,
        null,
        null,
        null,
        null,
        null
      ],
      "/rails/blessing_documents/workspace/checkpts/fly/eagles_flight/spec/views/static_pages/home.html.erb_spec.rb": [
        1,
        null,
        1,
        1,
        1,
        1,
        2,
        null,
        null,
        1,
        1,
        2,
        null,
        null,
        1,
        1,
        1,
        0,
        0,
        null,
        null,
        1,
        1,
        1,
        0,
        0,
        null,
        null,
        null,
        null
      ]
    },
    "timestamp": 1445641291
  }
}
