{
  "RSpec": {
    "coverage": {
      "/rails/blessing_documents/workspace/checkpts/fly/eagles_flight/app/helpers/application_helper.rb": [
        1,
        null
      ],
      "/rails/blessing_documents/workspace/checkpts/fly/eagles_flight/app/helpers/bookings_helper.rb": [
        1,
        null
      ],
      "/rails/blessing_documents/workspace/checkpts/fly/eagles_flight/app/helpers/flights_helper.rb": [
        1,
        null
      ],
      "/rails/blessing_documents/workspace/checkpts/fly/eagles_flight/app/helpers/sessions_helper.rb": [
        1,
        1,
        0,
        null,
        null,
        1,
        0,
        0,
        0,
        null,
        null,
        null,
        1,
        0,
        null,
        null,
        1,
        0,
        0,
        null,
        null
      ],
      "/rails/blessing_documents/workspace/checkpts/fly/eagles_flight/app/helpers/static_pages_helper.rb": [
        1,
        null
      ],
      "/rails/blessing_documents/workspace/checkpts/fly/eagles_flight/app/helpers/users_helper.rb": [
        1,
        null
      ],
      "/rails/blessing_documents/workspace/checkpts/fly/eagles_flight/app/controllers/bookings_controller.rb": [
        1,
        1,
        null,
        null
      ],
      "/rails/blessing_documents/workspace/checkpts/fly/eagles_flight/app/controllers/application_controller.rb": [
        1,
        null,
        null,
        1,
        1,
        null
      ],
      "/rails/blessing_documents/workspace/checkpts/fly/eagles_flight/spec/controllers/flights_controller_spec.rb": [
        1,
        null,
        1,
        null,
        null
      ],
      "/rails/blessing_documents/workspace/checkpts/fly/eagles_flight/app/controllers/flights_controller.rb": [
        1,
        1,
        0,
        0,
        0,
        0,
        null,
        null
      ],
      "/rails/blessing_documents/workspace/checkpts/fly/eagles_flight/spec/controllers/sessions_controller_spec.rb": [
        1,
        null,
        1,
        1,
        1,
        0,
        0,
        null,
        null,
        1,
        0,
        0,
        null,
        null,
        null,
        1,
        1,
        0,
        0,
        null,
        null,
        1,
        0,
        0,
        null,
        null,
        null
      ],
      "/rails/blessing_documents/workspace/checkpts/fly/eagles_flight/app/controllers/sessions_controller.rb": [
        1,
        1,
        null,
        null,
        1,
        0,
        0,
        0,
        0,
        0,
        null,
        0,
        null,
        null,
        null,
        1,
        0,
        0,
        null,
        null
      ],
      "/rails/blessing_documents/workspace/checkpts/fly/eagles_flight/spec/controllers/static_pages_controller_spec.rb": [
        1,
        null,
        1,
        1,
        1,
        0,
        0,
        null,
        null,
        1,
        0,
        0,
        null,
        null,
        null
      ],
      "/rails/blessing_documents/workspace/checkpts/fly/eagles_flight/app/controllers/static_pages_controller.rb": [
        1,
        1,
        null,
        null
      ],
      "/rails/blessing_documents/workspace/checkpts/fly/eagles_flight/spec/controllers/users_controller_spec.rb": [
        1,
        null,
        1,
        1,
        1,
        0,
        0,
        null,
        null,
        1,
        0,
        0,
        null,
        null,
        null
      ],
      "/rails/blessing_documents/workspace/checkpts/fly/eagles_flight/app/controllers/users_controller.rb": [
        1,
        1,
        null,
        null,
        1,
        0,
        null,
        null,
        1,
        0,
        0,
        0,
        0,
        null,
        0,
        0,
        null,
        0,
        null,
        null,
        null,
        1,
        1,
        0,
        null,
        null
      ],
      "/rails/blessing_documents/workspace/checkpts/fly/eagles_flight/spec/decorators/booking_decorator_spec.rb": [
        1,
        null,
        1,
        null
      ],
      "/rails/blessing_documents/workspace/checkpts/fly/eagles_flight/app/decorators/booking_decorator.rb": [
        1,
        1,
        null,
        null,
        null,
        null,
        null,
        null,
        null,
        null,
        null,
        null,
        null
      ],
      "/rails/blessing_documents/workspace/checkpts/fly/eagles_flight/app/models/booking.rb": [
        1,
        1,
        null,
        1,
        1,
        1,
        1,
        null,
        1,
        1,
        null,
        1,
        1,
        0,
        null,
        null
      ],
      "/rails/blessing_documents/workspace/checkpts/fly/eagles_flight/spec/decorators/flight_decorator_spec.rb": [
        1,
        null,
        1,
        null
      ],
      "/rails/blessing_documents/workspace/checkpts/fly/eagles_flight/app/decorators/flight_decorator.rb": [
        1,
        1,
        null
      ],
      "/rails/blessing_documents/workspace/checkpts/fly/eagles_flight/app/models/flight.rb": [
        1,
        1,
        1,
        null,
        1,
        1,
        null,
        1,
        null,
        1,
        0,
        null,
        null,
        1,
        0,
        0,
        null,
        null,
        1,
        0,
        null,
        1,
        0,
        null,
        null,
        1,
        0,
        0,
        0,
        0,
        0,
        0,
        null,
        null,
        null,
        null
      ],
      "/rails/blessing_documents/workspace/checkpts/fly/eagles_flight/spec/decorators/session_decorator_spec.rb": [
        1,
        null,
        1,
        null
      ],
      "/rails/blessing_documents/workspace/checkpts/fly/eagles_flight/app/decorators/session_decorator.rb": [
        1,
        1,
        null,
        null,
        null,
        null,
        null,
        null,
        null,
        null,
        null,
        null,
        null
      ],
      "/rails/blessing_documents/workspace/checkpts/fly/eagles_flight/spec/features/book_flight_spec.rb": [

      ],
      "/rails/blessing_documents/workspace/checkpts/fly/eagles_flight/spec/features/pay_for_flight_spec.rb": [

      ],
      "/rails/blessing_documents/workspace/checkpts/fly/eagles_flight/spec/features/register_spec.rb": [
        1,
        null,
        1,
        1,
        null,
        0,
        0,
        0,
        0,
        0,
        0,
        null,
        0,
        null,
        0,
        null,
        null,
        0,
        0,
        0,
        0,
        null,
        0,
        null,
        0,
        null,
        null,
        0,
        0,
        0,
        0,
        null,
        null,
        0,
        0,
        0,
        0,
        0,
        0,
        null,
        null
      ],
      "/rails/blessing_documents/workspace/checkpts/fly/eagles_flight/app/models/user.rb": [
        1,
        1,
        1,
        1,
        1,
        1,
        1,
        null
      ]
    },
    "timestamp": 1445768537
  }
}
